{
  "stats": {
    "suites": 7,
    "tests": 17,
    "passes": 17,
    "pending": 0,
    "failures": 0,
    "start": "2022-05-03T21:27:39.230Z",
    "end": "2022-05-03T21:27:44.306Z",
    "duration": 5076,
    "testsRegistered": 17,
    "passPercent": 100,
    "pendingPercent": 0,
    "other": 0,
    "hasOther": false,
    "skipped": 0,
    "hasSkipped": false
  },
  "results": [
    {
      "uuid": "0a457bd5-da05-4e5b-bccd-987290395dfd",
      "title": "",
      "fullFile": "cypress/integration/project.spec.js",
      "file": "cypress/integration/project.spec.js",
      "beforeHooks": [],
      "afterHooks": [],
      "tests": [],
      "suites": [
        {
          "uuid": "696e34c4-39fa-4f98-b3e0-e843639128e0",
          "title": "1 - Adicione no seu site um título com o nome do seu jogo",
          "fullFile": "",
          "file": "",
          "beforeHooks": [],
          "afterHooks": [],
          "tests": [
            {
              "title": "Será verificado se o **id** do título é `title`",
              "fullTitle": "1 - Adicione no seu site um título com o nome do seu jogo Será verificado se o **id** do título é `title`",
              "timedOut": null,
              "duration": 825,
              "state": "passed",
              "speed": "slow",
              "pass": true,
              "fail": false,
              "pending": false,
              "context": null,
              "code": "cy.get('#title').invoke('text').should('not.be.empty');",
              "err": {},
              "uuid": "44d06ae4-6994-43da-8e20-66e6c7ec5d01",
              "parentUUID": "696e34c4-39fa-4f98-b3e0-e843639128e0",
              "isHook": false,
              "skipped": false
            }
          ],
          "suites": [],
          "passes": [
            "44d06ae4-6994-43da-8e20-66e6c7ec5d01"
          ],
          "failures": [],
          "pending": [],
          "skipped": [],
          "duration": 825,
          "root": false,
          "rootEmpty": false,
          "_timeout": 2000
        },
        {
          "uuid": "2e4aa1bf-2368-4539-ba90-6bddf7c1d350",
          "title": "2 - Adicione um texto com o código RGB a ser adivinhado",
          "fullFile": "",
          "file": "",
          "beforeHooks": [],
          "afterHooks": [],
          "tests": [
            {
              "title": "Será verificado se o seu id deve ser rgb-color",
              "fullTitle": "2 - Adicione um texto com o código RGB a ser adivinhado Será verificado se o seu id deve ser rgb-color",
              "timedOut": null,
              "duration": 128,
              "state": "passed",
              "speed": "slow",
              "pass": true,
              "fail": false,
              "pending": false,
              "context": null,
              "code": "cy.get('#rgb-color').should('exist');",
              "err": {},
              "uuid": "8751382d-fba6-4122-8436-8c8eec0940ac",
              "parentUUID": "2e4aa1bf-2368-4539-ba90-6bddf7c1d350",
              "isHook": false,
              "skipped": false
            },
            {
              "title": "Será verificado se o texto deve conter os três números das cores RGB a ser adivinhada, no seguinte formato: `(168, 34, 1)`",
              "fullTitle": "2 - Adicione um texto com o código RGB a ser adivinhado Será verificado se o texto deve conter os três números das cores RGB a ser adivinhada, no seguinte formato: `(168, 34, 1)`",
              "timedOut": null,
              "duration": 102,
              "state": "passed",
              "speed": "slow",
              "pass": true,
              "fail": false,
              "pending": false,
              "context": null,
              "code": "var rgbTextRegex = /\\((\\s*\\d{1,3}\\s*,){2}\\s*\\d{1,3}\\s*\\)/;\ncy.get('#rgb-color').invoke('text').should('match', rgbTextRegex);",
              "err": {},
              "uuid": "fe392701-8b4f-4dc4-a679-67a60cb79e80",
              "parentUUID": "2e4aa1bf-2368-4539-ba90-6bddf7c1d350",
              "isHook": false,
              "skipped": false
            }
          ],
          "suites": [],
          "passes": [
            "8751382d-fba6-4122-8436-8c8eec0940ac",
            "fe392701-8b4f-4dc4-a679-67a60cb79e80"
          ],
          "failures": [],
          "pending": [],
          "skipped": [],
          "duration": 230,
          "root": false,
          "rootEmpty": false,
          "_timeout": 2000
        },
        {
          "uuid": "16f94c6e-a6b6-4fc6-a9dc-27c1017fd756",
          "title": "3 - Adicione a página opções de cores para serem adivinhadas",
          "fullFile": "",
          "file": "",
          "beforeHooks": [],
          "afterHooks": [],
          "tests": [
            {
              "title": "Será verificado que deve conter 6 circulos como opção de cor de adivinhação",
              "fullTitle": "3 - Adicione a página opções de cores para serem adivinhadas Será verificado que deve conter 6 circulos como opção de cor de adivinhação",
              "timedOut": null,
              "duration": 172,
              "state": "passed",
              "speed": "slow",
              "pass": true,
              "fail": false,
              "pending": false,
              "context": null,
              "code": "cy.get('.ball').should('have.length', 6).each(function (ball) {\n  expect(ball.height()).to.equal(ball.width());\n  expect(ball.css('border-radius')).not.to.be.empty;\n});",
              "err": {},
              "uuid": "335f5783-cba5-4e98-9a55-d551babe5726",
              "parentUUID": "16f94c6e-a6b6-4fc6-a9dc-27c1017fd756",
              "isHook": false,
              "skipped": false
            },
            {
              "title": "Será verificado que a class de todos os circulos deve ser ball",
              "fullTitle": "3 - Adicione a página opções de cores para serem adivinhadas Será verificado que a class de todos os circulos deve ser ball",
              "timedOut": null,
              "duration": 109,
              "state": "passed",
              "speed": "slow",
              "pass": true,
              "fail": false,
              "pending": false,
              "context": null,
              "code": "cy.get('.ball').should('exist');",
              "err": {},
              "uuid": "4373eb24-073b-4cfb-8b47-a8dd924fbb8f",
              "parentUUID": "16f94c6e-a6b6-4fc6-a9dc-27c1017fd756",
              "isHook": false,
              "skipped": false
            }
          ],
          "suites": [],
          "passes": [
            "335f5783-cba5-4e98-9a55-d551babe5726",
            "4373eb24-073b-4cfb-8b47-a8dd924fbb8f"
          ],
          "failures": [],
          "pending": [],
          "skipped": [],
          "duration": 281,
          "root": false,
          "rootEmpty": false,
          "_timeout": 2000
        },
        {
          "uuid": "d9700632-19ae-493a-a3b3-3775f07c6388",
          "title": "4 - Adicione cores nas bolas elas devem ser geradas dinâmicamente",
          "fullFile": "",
          "file": "",
          "beforeHooks": [],
          "afterHooks": [],
          "tests": [
            {
              "title": "Será verificado que ao carregar a página, as cores de cada um dos 6 circulos coloridos deve ser geradas via JavaScript",
              "fullTitle": "4 - Adicione cores nas bolas elas devem ser geradas dinâmicamente Será verificado que ao carregar a página, as cores de cada um dos 6 circulos coloridos deve ser geradas via JavaScript",
              "timedOut": null,
              "duration": 555,
              "state": "passed",
              "speed": "slow",
              "pass": true,
              "fail": false,
              "pending": false,
              "context": null,
              "code": "var currentBallColors;\nvar previousBallColors;\ncy.get('.ball').then(function (balls) {\n  previousBallColors = Array.from(balls).map(function (ball) {\n    return Cypress.$(ball).css('background-color');\n  });\n  for (var i = 0; i < 5; i += 1) {\n    cy.reload();\n    cy.get('.ball').should(function (balls) {\n      currentBallColors = Array.from(balls).map(function (ball) {\n        return Cypress.$(ball).css('background-color');\n      });\n      expect(currentBallColors).not.to.deep.equal(previousBallColors);\n      previousBallColors = currentBallColors;\n    });\n  }\n});",
              "err": {},
              "uuid": "3039fd96-87f6-4937-92f5-be3368094e69",
              "parentUUID": "d9700632-19ae-493a-a3b3-3775f07c6388",
              "isHook": false,
              "skipped": false
            }
          ],
          "suites": [],
          "passes": [
            "3039fd96-87f6-4937-92f5-be3368094e69"
          ],
          "failures": [],
          "pending": [],
          "skipped": [],
          "duration": 555,
          "root": false,
          "rootEmpty": false,
          "_timeout": 2000
        },
        {
          "uuid": "ae783817-03b6-4d46-91ff-666d70dc55c0",
          "title": "5 - Clicar em um circulo colorido, deve ser mostrado um texto indicando se está correto",
          "fullFile": "",
          "file": "",
          "beforeHooks": [],
          "afterHooks": [],
          "tests": [
            {
              "title": "Será verificado que o seu **id** do elemento deve ser `answer`",
              "fullTitle": "5 - Clicar em um circulo colorido, deve ser mostrado um texto indicando se está correto Será verificado que o seu **id** do elemento deve ser `answer`",
              "timedOut": null,
              "duration": 132,
              "state": "passed",
              "speed": "slow",
              "pass": true,
              "fail": false,
              "pending": false,
              "context": null,
              "code": "cy.get('#answer').should('exist');",
              "err": {},
              "uuid": "c2df2408-3c1f-48b3-b22c-69767c5f1507",
              "parentUUID": "ae783817-03b6-4d46-91ff-666d70dc55c0",
              "isHook": false,
              "skipped": false
            },
            {
              "title": "Será verificado que quando o jogo é iniciado, o texto exibido deve ser `\"Escolha uma cor\"`",
              "fullTitle": "5 - Clicar em um circulo colorido, deve ser mostrado um texto indicando se está correto Será verificado que quando o jogo é iniciado, o texto exibido deve ser `\"Escolha uma cor\"`",
              "timedOut": null,
              "duration": 134,
              "state": "passed",
              "speed": "slow",
              "pass": true,
              "fail": false,
              "pending": false,
              "context": null,
              "code": "cy.get('#answer').invoke('text').should('match', /Escolha uma cor/);",
              "err": {},
              "uuid": "229f7328-1b2c-4ee3-ac45-7521e838d913",
              "parentUUID": "ae783817-03b6-4d46-91ff-666d70dc55c0",
              "isHook": false,
              "skipped": false
            },
            {
              "title": "Será verificado se o circulo colorido for o **correto**, deve ser exibido o texto \"Acertou!\"",
              "fullTitle": "5 - Clicar em um circulo colorido, deve ser mostrado um texto indicando se está correto Será verificado se o circulo colorido for o **correto**, deve ser exibido o texto \"Acertou!\"",
              "timedOut": null,
              "duration": 200,
              "state": "passed",
              "speed": "slow",
              "pass": true,
              "fail": false,
              "pending": false,
              "context": null,
              "code": "(0, _actionBase.rightBall)().click();\ncy.get('#answer').invoke('text').should('match', /Acertou!/);",
              "err": {},
              "uuid": "7783f338-c39a-4550-81a0-1e423b66fde8",
              "parentUUID": "ae783817-03b6-4d46-91ff-666d70dc55c0",
              "isHook": false,
              "skipped": false
            },
            {
              "title": "Será verificado se o circulo colorido for o **incorreta**, deve ser exibido o texto \"Errou! Tente novamente!\"",
              "fullTitle": "5 - Clicar em um circulo colorido, deve ser mostrado um texto indicando se está correto Será verificado se o circulo colorido for o **incorreta**, deve ser exibido o texto \"Errou! Tente novamente!\"",
              "timedOut": null,
              "duration": 225,
              "state": "passed",
              "speed": "slow",
              "pass": true,
              "fail": false,
              "pending": false,
              "context": null,
              "code": "(0, _actionBase.wrongBall)().click();\ncy.get('#answer').invoke('text').should('match', /Errou! Tente novamente/);",
              "err": {},
              "uuid": "5649ccdc-f381-4f90-abef-84bbb541afa9",
              "parentUUID": "ae783817-03b6-4d46-91ff-666d70dc55c0",
              "isHook": false,
              "skipped": false
            }
          ],
          "suites": [],
          "passes": [
            "c2df2408-3c1f-48b3-b22c-69767c5f1507",
            "229f7328-1b2c-4ee3-ac45-7521e838d913",
            "7783f338-c39a-4550-81a0-1e423b66fde8",
            "5649ccdc-f381-4f90-abef-84bbb541afa9"
          ],
          "failures": [],
          "pending": [],
          "skipped": [],
          "duration": 691,
          "root": false,
          "rootEmpty": false,
          "_timeout": 2000
        },
        {
          "uuid": "fd9d56b6-1f60-4c78-ae4f-0356c7f66efb",
          "title": "6 - Crie um botão para iniciar/reiniciar o jogo",
          "fullFile": "",
          "file": "",
          "beforeHooks": [],
          "afterHooks": [],
          "tests": [
            {
              "title": "Será verificado que o botão deve ter o id reset-game",
              "fullTitle": "6 - Crie um botão para iniciar/reiniciar o jogo Será verificado que o botão deve ter o id reset-game",
              "timedOut": null,
              "duration": 159,
              "state": "passed",
              "speed": "slow",
              "pass": true,
              "fail": false,
              "pending": false,
              "context": null,
              "code": "cy.get('#reset-game').should('exist');",
              "err": {},
              "uuid": "d5c8b566-8bcf-40b2-8674-a94c3754a350",
              "parentUUID": "fd9d56b6-1f60-4c78-ae4f-0356c7f66efb",
              "isHook": false,
              "skipped": false
            },
            {
              "title": "Será verificado que ao clicar no botão, novas cores devem ser geradas via JavaScript e o elemento rgb-color deve ser atualizado",
              "fullTitle": "6 - Crie um botão para iniciar/reiniciar o jogo Será verificado que ao clicar no botão, novas cores devem ser geradas via JavaScript e o elemento rgb-color deve ser atualizado",
              "timedOut": null,
              "duration": 621,
              "state": "passed",
              "speed": "slow",
              "pass": true,
              "fail": false,
              "pending": false,
              "context": null,
              "code": "var currentRGBColor;\nvar previousRGBColor;\nvar currentBallColors;\nvar previousBallColors;\ncy.get('#rgb-color').then(function (rgbColor) {\n  previousRGBColor = rgbColor.text();\n  cy.get('.ball').then(function (balls) {\n    previousBallColors = Array.from(balls).map(function (ball) {\n      return Cypress.$(ball).css('background-color');\n    });\n    for (var i = 0; i < 5; i += 1) {\n      cy.get('#reset-game').click();\n      cy.get('#rgb-color').should(function (foo) {\n        currentRGBColor = foo.text();\n        expect(currentRGBColor).not.to.equal(previousRGBColor);\n        previousRGBColor = currentRGBColor;\n      });\n      cy.get('.ball').should(function (balls) {\n        currentBallColors = Array.from(balls).map(function (ball) {\n          return Cypress.$(ball).css('background-color');\n        });\n        expect(currentBallColors).not.to.deep.equal(previousBallColors);\n        previousBallColors = currentBallColors;\n      });\n    }\n  });\n});",
              "err": {},
              "uuid": "d0053a83-c64a-4a83-b609-c86b6b4e98ad",
              "parentUUID": "fd9d56b6-1f60-4c78-ae4f-0356c7f66efb",
              "isHook": false,
              "skipped": false
            },
            {
              "title": "Será verificado que ao clicar no botão, o elemento answer deve voltar ao estado inicial, exibindo o texto \"Escolha uma cor\"",
              "fullTitle": "6 - Crie um botão para iniciar/reiniciar o jogo Será verificado que ao clicar no botão, o elemento answer deve voltar ao estado inicial, exibindo o texto \"Escolha uma cor\"",
              "timedOut": null,
              "duration": 610,
              "state": "passed",
              "speed": "slow",
              "pass": true,
              "fail": false,
              "pending": false,
              "context": null,
              "code": "for (var i = 0; i < 5; i += 1) {\n  cy.get('.ball').then(function (balls) {\n    balls[0].click();\n  });\n  cy.get('#reset-game').click();\n  cy.get('#answer').invoke('text').should('match', /Escolha uma cor/);\n}",
              "err": {},
              "uuid": "c1940a89-9faa-4857-96fb-e4ad53b70ea1",
              "parentUUID": "fd9d56b6-1f60-4c78-ae4f-0356c7f66efb",
              "isHook": false,
              "skipped": false
            }
          ],
          "suites": [],
          "passes": [
            "d5c8b566-8bcf-40b2-8674-a94c3754a350",
            "d0053a83-c64a-4a83-b609-c86b6b4e98ad",
            "c1940a89-9faa-4857-96fb-e4ad53b70ea1"
          ],
          "failures": [],
          "pending": [],
          "skipped": [],
          "duration": 1390,
          "root": false,
          "rootEmpty": false,
          "_timeout": 2000
        },
        {
          "uuid": "c75e80b6-b82c-48e6-ab94-66d79867659f",
          "title": "7 - Crie um placar que incremente 3 pontos para cada acerto no jogo",
          "fullFile": "",
          "file": "",
          "beforeHooks": [],
          "afterHooks": [],
          "tests": [
            {
              "title": "Será verificado que o elemento deve ter o **id** `score`.",
              "fullTitle": "7 - Crie um placar que incremente 3 pontos para cada acerto no jogo Será verificado que o elemento deve ter o **id** `score`.",
              "timedOut": null,
              "duration": 140,
              "state": "passed",
              "speed": "slow",
              "pass": true,
              "fail": false,
              "pending": false,
              "context": null,
              "code": "cy.get('#score').should('exist');",
              "err": {},
              "uuid": "b89f9464-592a-4e74-8310-8d99b1c68e11",
              "parentUUID": "c75e80b6-b82c-48e6-ab94-66d79867659f",
              "isHook": false,
              "skipped": false
            },
            {
              "title": "Será verificado que o valor inicial dele deve ser 0.",
              "fullTitle": "7 - Crie um placar que incremente 3 pontos para cada acerto no jogo Será verificado que o valor inicial dele deve ser 0.",
              "timedOut": null,
              "duration": 89,
              "state": "passed",
              "speed": "slow",
              "pass": true,
              "fail": false,
              "pending": false,
              "context": null,
              "code": "expect((0, _actionBase.score)()).to.equal(0);",
              "err": {},
              "uuid": "cd1c2bfe-40f1-486e-8a83-22b7796bfc98",
              "parentUUID": "c75e80b6-b82c-48e6-ab94-66d79867659f",
              "isHook": false,
              "skipped": false
            },
            {
              "title": "Será verificado que a cada acerto, é incrementado 3 pontos ao placar",
              "fullTitle": "7 - Crie um placar que incremente 3 pontos para cada acerto no jogo Será verificado que a cada acerto, é incrementado 3 pontos ao placar",
              "timedOut": null,
              "duration": 164,
              "state": "passed",
              "speed": "slow",
              "pass": true,
              "fail": false,
              "pending": false,
              "context": null,
              "code": "(0, _actionBase.rightBall)().click().should(function () {\n  expect((0, _actionBase.score)()).to.equal(3);\n});",
              "err": {},
              "uuid": "3665d996-4bf1-43a1-a69a-a03686b8d764",
              "parentUUID": "c75e80b6-b82c-48e6-ab94-66d79867659f",
              "isHook": false,
              "skipped": false
            },
            {
              "title": "Será verificado que ao clicar no botão reiniciar, o placar NÃO deve ser resetado",
              "fullTitle": "7 - Crie um placar que incremente 3 pontos para cada acerto no jogo Será verificado que ao clicar no botão reiniciar, o placar NÃO deve ser resetado",
              "timedOut": null,
              "duration": 361,
              "state": "passed",
              "speed": "slow",
              "pass": true,
              "fail": false,
              "pending": false,
              "context": null,
              "code": "(0, _actionBase.rightBall)().click();\ncy.get('#reset-game').click().then(function () {\n  (0, _actionBase.rightBall)().click().should(function () {\n    expect((0, _actionBase.score)()).to.equal(6);\n  });\n});",
              "err": {},
              "uuid": "869b8751-3aa2-4da8-8481-f95929b3133c",
              "parentUUID": "c75e80b6-b82c-48e6-ab94-66d79867659f",
              "isHook": false,
              "skipped": false
            }
          ],
          "suites": [],
          "passes": [
            "b89f9464-592a-4e74-8310-8d99b1c68e11",
            "cd1c2bfe-40f1-486e-8a83-22b7796bfc98",
            "3665d996-4bf1-43a1-a69a-a03686b8d764",
            "869b8751-3aa2-4da8-8481-f95929b3133c"
          ],
          "failures": [],
          "pending": [],
          "skipped": [],
          "duration": 754,
          "root": false,
          "rootEmpty": false,
          "_timeout": 2000
        }
      ],
      "passes": [],
      "failures": [],
      "pending": [],
      "skipped": [],
      "duration": 0,
      "root": true,
      "rootEmpty": true,
      "_timeout": 2000
    }
  ],
  "meta": {
    "mocha": {
      "version": "7.0.1"
    },
    "mochawesome": {
      "options": {
        "quiet": false,
        "reportFilename": "mochawesome",
        "saveHtml": false,
        "saveJson": true,
        "consoleReporter": "spec",
        "useInlineDiffs": false
      },
      "version": "4.1.0"
    },
    "marge": {
      "options": {
        "id": "default",
        "reportDir": "cypress/reports",
        "overwrite": true,
        "html": false,
        "json": true
      },
      "version": "4.1.0"
    }
  }
}